<?xml version="1.0" encoding="UTF-8"?>
<!-- Generated by org.testng.reporters.JUnitReportReporter -->
<testsuite hostname="LAPTOP-GR6SED1M" failures="0" tests="1" name="Integration" time="0.023" errors="0" timestamp="2021-12-18T10:56:52 IST" skipped="0">
  <testcase classname="Integration" name="test" time="0.023"/>
  <system-out/>
</testsuite> <!-- Integration -->
